# JRE version: OpenJDK Runtime Environment (8.0_152-b02) (build 1.8.0_152-release-1024-b02)
# Java VM: OpenJDK 64-Bit Server VM (25.152-b02 mixed mode windows-amd64 compressed oops)
Heap:
 PSYoungGen      total 450560K, used 108581K [0x00000000e0000000, 0x0000000100000000, 0x0000000100000000)
  eden space 419840K, 18% used [0x00000000e0000000,0x00000000e4c0a070,0x00000000f9a00000)
  from space 30720K, 99% used [0x00000000fe200000,0x00000000fffff3d0,0x0000000100000000)
  to   space 52224K, 0% used [0x00000000f9a00000,0x00000000f9a00000,0x00000000fcd00000)
 ParOldGen       total 171520K, used 101718K [0x00000000a0000000, 0x00000000aa780000, 0x00000000e0000000)
  object space 171520K, 59% used [0x00000000a0000000,0x00000000a63558a8,0x00000000aa780000)
 Metaspace       used 68788K, capacity 73714K, committed 73876K, reserved 1112064K
  class space    used 9050K, capacity 10359K, committed 10428K, reserved 1048576K
GC Heap History (10 events):
Event: 5.396 GC heap before
{Heap before GC invocations=9 (full 2):
 PSYoungGen      total 228864K, used 213504K [0x00000000e0000000, 0x00000000f0800000, 0x0000000100000000)
  eden space 213504K, 100% used [0x00000000e0000000,0x00000000ed080000,0x00000000ed080000)
  from space 15360K, 0% used [0x00000000edf00000,0x00000000edf00000,0x00000000eee00000)
  to   space 14848K, 0% used [0x00000000ed080000,0x00000000ed080000,0x00000000edf00000)
 ParOldGen       total 105472K, used 15118K [0x00000000a0000000, 0x00000000a6700000, 0x00000000e0000000)
  object space 105472K, 14% used [0x00000000a0000000,0x00000000a0ec39c8,0x00000000a6700000)
 Metaspace       used 46715K, capacity 47822K, committed 48088K, reserved 1091584K
  class space    used 6218K, capacity 6560K, committed 6656K, reserved 1048576K
Event: 5.426 GC heap after
Heap after GC invocations=9 (full 2):
 PSYoungGen      total 228352K, used 14835K [0x00000000e0000000, 0x00000000fa080000, 0x0000000100000000)
  eden space 213504K, 0% used [0x00000000e0000000,0x00000000e0000000,0x00000000ed080000)
  from space 14848K, 99% used [0x00000000ed080000,0x00000000edefccf0,0x00000000edf00000)
  to   space 18944K, 0% used [0x00000000f8e00000,0x00000000f8e00000,0x00000000fa080000)
 ParOldGen       total 105472K, used 18908K [0x00000000a0000000, 0x00000000a6700000, 0x00000000e0000000)
  object space 105472K, 17% used [0x00000000a0000000,0x00000000a12772c0,0x00000000a6700000)
 Metaspace       used 46715K, capacity 47822K, committed 48088K, reserved 1091584K
  class space    used 6218K, capacity 6560K, committed 6656K, reserved 1048576K
}
Event: 9.461 GC heap before
{Heap before GC invocations=10 (full 2):
 PSYoungGen      total 228352K, used 217007K [0x00000000e0000000, 0x00000000fa080000, 0x0000000100000000)
  eden space 213504K, 94% used [0x00000000e0000000,0x00000000ec56f008,0x00000000ed080000)
  from space 14848K, 99% used [0x00000000ed080000,0x00000000edefccf0,0x00000000edf00000)
  to   space 18944K, 0% used [0x00000000f8e00000,0x00000000f8e00000,0x00000000fa080000)
 ParOldGen       total 105472K, used 18908K [0x00000000a0000000, 0x00000000a6700000, 0x00000000e0000000)
  object space 105472K, 17% used [0x00000000a0000000,0x00000000a12772c0,0x00000000a6700000)
 Metaspace       used 55100K, capacity 58954K, committed 59028K, reserved 1099776K
  class space    used 7474K, capacity 8619K, committed 8636K, reserved 1048576K
Event: 9.519 GC heap after
Heap after GC invocations=10 (full 2):
 PSYoungGen      total 395264K, used 18914K [0x00000000e0000000, 0x00000000fb100000, 0x0000000100000000)
  eden space 376320K, 0% used [0x00000000e0000000,0x00000000e0000000,0x00000000f6f80000)
  from space 18944K, 99% used [0x00000000f8e00000,0x00000000fa0788e8,0x00000000fa080000)
  to   space 31232K, 0% used [0x00000000f6f80000,0x00000000f6f80000,0x00000000f8e00000)
 ParOldGen       total 105472K, used 41870K [0x00000000a0000000, 0x00000000a6700000, 0x00000000e0000000)
  object space 105472K, 39% used [0x00000000a0000000,0x00000000a28e3870,0x00000000a6700000)
 Metaspace       used 55100K, capacity 58954K, committed 59028K, reserved 1099776K
  class space    used 7474K, capacity 8619K, committed 8636K, reserved 1048576K
}
Event: 9.519 GC heap before
{Heap before GC invocations=11 (full 3):
 PSYoungGen      total 395264K, used 18914K [0x00000000e0000000, 0x00000000fb100000, 0x0000000100000000)
  eden space 376320K, 0% used [0x00000000e0000000,0x00000000e0000000,0x00000000f6f80000)
  from space 18944K, 99% used [0x00000000f8e00000,0x00000000fa0788e8,0x00000000fa080000)
  to   space 31232K, 0% used [0x00000000f6f80000,0x00000000f6f80000,0x00000000f8e00000)
 ParOldGen       total 105472K, used 41870K [0x00000000a0000000, 0x00000000a6700000, 0x00000000e0000000)
  object space 105472K, 39% used [0x00000000a0000000,0x00000000a28e3870,0x00000000a6700000)
 Metaspace       used 55100K, capacity 58954K, committed 59028K, reserved 1099776K
  class space    used 7474K, capacity 8619K, committed 8636K, reserved 1048576K
Event: 9.772 GC heap after
Heap after GC invocations=11 (full 3):
 PSYoungGen      total 395264K, used 0K [0x00000000e0000000, 0x00000000fb100000, 0x0000000100000000)
  eden space 376320K, 0% used [0x00000000e0000000,0x00000000e0000000,0x00000000f6f80000)
  from space 18944K, 0% used [0x00000000f8e00000,0x00000000f8e00000,0x00000000fa080000)
  to   space 31232K, 0% used [0x00000000f6f80000,0x00000000f6f80000,0x00000000f8e00000)
 ParOldGen       total 171520K, used 56126K [0x00000000a0000000, 0x00000000aa780000, 0x00000000e0000000)
  object space 171520K, 32% used [0x00000000a0000000,0x00000000a36cf8f8,0x00000000aa780000)
 Metaspace       used 55100K, capacity 58954K, committed 59028K, reserved 1099776K
  class space    used 7474K, capacity 8619K, committed 8636K, reserved 1048576K
}
Event: 13.869 GC heap before
{Heap before GC invocations=12 (full 3):
 PSYoungGen      total 395264K, used 376320K [0x00000000e0000000, 0x00000000fb100000, 0x0000000100000000)
  eden space 376320K, 100% used [0x00000000e0000000,0x00000000f6f80000,0x00000000f6f80000)
  from space 18944K, 0% used [0x00000000f8e00000,0x00000000f8e00000,0x00000000fa080000)
  to   space 31232K, 0% used [0x00000000f6f80000,0x00000000f6f80000,0x00000000f8e00000)
 ParOldGen       total 171520K, used 56126K [0x00000000a0000000, 0x00000000aa780000, 0x00000000e0000000)
  object space 171520K, 32% used [0x00000000a0000000,0x00000000a36cf8f8,0x00000000aa780000)
 Metaspace       used 60801K, capacity 65482K, committed 65684K, reserved 1105920K
  class space    used 8159K, capacity 9393K, committed 9404K, reserved 1048576K
Event: 13.893 GC heap after
Heap after GC invocations=12 (full 3):
 PSYoungGen      total 407552K, used 17975K [0x00000000e0000000, 0x0000000100000000, 0x0000000100000000)
  eden space 376320K, 0% used [0x00000000e0000000,0x00000000e0000000,0x00000000f6f80000)
  from space 31232K, 57% used [0x00000000f6f80000,0x00000000f810def0,0x00000000f8e00000)
  to   space 30720K, 0% used [0x00000000fe200000,0x00000000fe200000,0x0000000100000000)
 ParOldGen       total 171520K, used 56134K [0x00000000a0000000, 0x00000000aa780000, 0x00000000e0000000)
  object space 171520K, 32% used [0x00000000a0000000,0x00000000a36d18f8,0x00000000aa780000)
 Metaspace       used 60801K, capacity 65482K, committed 65684K, reserved 1105920K
  class space    used 8159K, capacity 9393K, committed 9404K, reserved 1048576K
}
Event: 18.305 GC heap before
{Heap before GC invocations=13 (full 3):
 PSYoungGen      total 407552K, used 394295K [0x00000000e0000000, 0x0000000100000000, 0x0000000100000000)
  eden space 376320K, 100% used [0x00000000e0000000,0x00000000f6f80000,0x00000000f6f80000)
  from space 31232K, 57% used [0x00000000f6f80000,0x00000000f810def0,0x00000000f8e00000)
  to   space 30720K, 0% used [0x00000000fe200000,0x00000000fe200000,0x0000000100000000)
 ParOldGen       total 171520K, used 56134K [0x00000000a0000000, 0x00000000aa780000, 0x00000000e0000000)
  object space 171520K, 32% used [0x00000000a0000000,0x00000000a36d18f8,0x00000000aa780000)
 Metaspace       used 68267K, capacity 73234K, committed 73364K, reserved 1112064K
  class space    used 9010K, capacity 10327K, committed 10428K, reserved 1048576K
Event: 18.390 GC heap after
Heap after GC invocations=13 (full 3):
 PSYoungGen      total 450560K, used 30716K [0x00000000e0000000, 0x0000000100000000, 0x0000000100000000)
  eden space 419840K, 0% used [0x00000000e0000000,0x00000000e0000000,0x00000000f9a00000)
  from space 30720K, 99% used [0x00000000fe200000,0x00000000fffff3d0,0x0000000100000000)
  to   space 52224K, 0% used [0x00000000f9a00000,0x00000000f9a00000,0x00000000fcd00000)
 ParOldGen       total 171520K, used 101718K [0x00000000a0000000, 0x00000000aa780000, 0x00000000e0000000)
  object space 171520K, 59% used [0x00000000a0000000,0x00000000a63558a8,0x00000000aa780000)
 Metaspace       used 68267K, capacity 73234K, committed 73364K, reserved 1112064K
  class space    used 9010K, capacity 10327K, committed 10428K, reserved 1048576K
}

